#
# There is insufficient memory for the Java Runtime Environment to continue.
# Native memory allocation (malloc) failed to allocate 2097152 bytes. Error detail: AllocateHeap
# Possible reasons:
#   The system is out of physical RAM or swap space
#   This process is running with CompressedOops enabled, and the Java Heap may be blocking the growth of the native heap
# Possible solutions:
#   Reduce memory load on the system
#   Increase physical memory or swap space
#   Check if swap backing store is full
#   Decrease Java heap size (-Xmx/-Xms)
#   Decrease number of Java threads
#   Decrease Java thread stack sizes (-Xss)
#   Set larger code cache with -XX:ReservedCodeCacheSize=
#   JVM is running with Unscaled Compressed Oops mode in which the Java heap is
#     placed in the first 4GB address space. The Java Heap base address is the
#     maximum limit for the native heap growth. Please use -XX:HeapBaseMinAddress
#     to set the Java Heap base and to place the Java Heap above 4GB virtual address.
# This output file may be truncated or incomplete.
#
#  Out of Memory Error (allocation.cpp:44), pid=29896, tid=36344
#
# JRE version: OpenJDK Runtime Environment Temurin-17.0.12+7 (17.0.12+7) (build 17.0.12+7)
# Java VM: OpenJDK 64-Bit Server VM Temurin-17.0.12+7 (17.0.12+7, mixed mode, emulated-client, tiered, compressed oops, compressed class ptrs, g1 gc, windows-amd64)
# No core dump will be written. Minidumps are not enabled by default on client versions of Windows
#

---------------  S U M M A R Y ------------

Command Line: -Xmx1024m -Dsts.lsp.client=vscode -Dsts.log.file=/dev/null -XX:TieredStopAtLevel=1 -Xlog:jni+resolve=off -Dspring.config.location=file:c:\Users\hp\.vscode\extensions\vmware.vscode-spring-boot-1.56.0\language-server\BOOT-INF\classes\application.properties org.springframework.ide.vscode.boot.app.BootLanguageServerBootApp

Host: Intel(R) Core(TM) i5-8250U CPU @ 1.60GHz, 8 cores, 7G,  Windows 11 , 64 bit Build 22621 (10.0.22621.2506)
Time: Mon Sep  2 11:15:08 2024 India Standard Time elapsed time: 2344.124655 seconds (0d 0h 39m 4s)

---------------  T H R E A D  ---------------

Current thread (0x0000018c96e70a30):  VMThread "VM Thread" [stack: 0x0000005e52900000,0x0000005e52a00000] [id=36344]

Stack: [0x0000005e52900000,0x0000005e52a00000]
Native frames: (J=compiled Java code, j=interpreted, Vv=VM code, C=native code)
V  [jvm.dll+0x67f929]
V  [jvm.dll+0x8371ba]
V  [jvm.dll+0x838c7e]
V  [jvm.dll+0x8392e3]
V  [jvm.dll+0x24834f]
V  [jvm.dll+0xa70d3]
V  [jvm.dll+0x2f9101]
V  [jvm.dll+0x2f4d00]
V  [jvm.dll+0x2dd82f]
V  [jvm.dll+0x3201f7]
V  [jvm.dll+0x83d7dd]
V  [jvm.dll+0x83e522]
V  [jvm.dll+0x83ea4f]
V  [jvm.dll+0x83ee34]
V  [jvm.dll+0x83ef00]
V  [jvm.dll+0x7e65dc]
V  [jvm.dll+0x67e7f7]
C  [ucrtbase.dll+0x29363]
C  [KERNEL32.DLL+0x1257d]
C  [ntdll.dll+0x5aa58]

VM_Operation (0x0000005e541fead0): G1CollectFull, mode: safepoint, requested by thread 0x0000018c9c9091c0


---------------  P R O C E S S  ---------------

Threads class SMR info:
_java_thread_list=0x0000018c9d3cffd0, length=33, elements={
0x0000018c96e94260, 0x0000018c96e94ff0, 0x0000018c96ebba50, 0x0000018c96ebe5f0,
0x0000018c96ebfed0, 0x0000018c96ec07a0, 0x0000018c9b008460, 0x0000018c9b008d70,
0x0000018c9b20f9d0, 0x0000018c9b213170, 0x0000018c9bab4bc0, 0x0000018c9c9091c0,
0x0000018c9c6b6270, 0x0000018c8c04abb0, 0x0000018c9b93a030, 0x0000018c9cb23330,
0x0000018c9cb1f880, 0x0000018c9cb202a0, 0x0000018c9cb207b0, 0x0000018c9cb20cc0,
0x0000018c9cb1fd90, 0x0000018c9cb22b20, 0x0000018c9d4432f0, 0x0000018c9d443d10,
0x0000018c9d43d2c0, 0x0000018c9d4419a0, 0x0000018c9d43dce0, 0x0000018c9d443800,
0x0000018c9d441eb0, 0x0000018c9d4428d0, 0x0000018c9d440050, 0x0000018c9d43e700,
0x0000018c9d43e1f0
}

Java Threads: ( => current thread )
  0x0000018c96e94260 JavaThread "Reference Handler" daemon [_thread_blocked, id=19188, stack(0x0000005e52a00000,0x0000005e52b00000)]
  0x0000018c96e94ff0 JavaThread "Finalizer" daemon [_thread_blocked, id=31164, stack(0x0000005e52b00000,0x0000005e52c00000)]
  0x0000018c96ebba50 JavaThread "Signal Dispatcher" daemon [_thread_blocked, id=34396, stack(0x0000005e52c00000,0x0000005e52d00000)]
  0x0000018c96ebe5f0 JavaThread "Attach Listener" daemon [_thread_blocked, id=4480, stack(0x0000005e52d00000,0x0000005e52e00000)]
  0x0000018c96ebfed0 JavaThread "Service Thread" daemon [_thread_blocked, id=17984, stack(0x0000005e52e00000,0x0000005e52f00000)]
  0x0000018c96ec07a0 JavaThread "Monitor Deflation Thread" daemon [_thread_blocked, id=7024, stack(0x0000005e52f00000,0x0000005e53000000)]
  0x0000018c9b008460 JavaThread "C1 CompilerThread0" daemon [_thread_blocked, id=25228, stack(0x0000005e53000000,0x0000005e53100000)]
  0x0000018c9b008d70 JavaThread "Sweeper thread" daemon [_thread_blocked, id=15220, stack(0x0000005e53100000,0x0000005e53200000)]
  0x0000018c9b20f9d0 JavaThread "Notification Thread" daemon [_thread_blocked, id=19648, stack(0x0000005e53400000,0x0000005e53500000)]
  0x0000018c9b213170 JavaThread "Common-Cleaner" daemon [_thread_blocked, id=23224, stack(0x0000005e53600000,0x0000005e53700000)]
  0x0000018c9bab4bc0 JavaThread "boundedElastic-evictor-1" daemon [_thread_blocked, id=38708, stack(0x0000005e53c00000,0x0000005e53d00000)]
  0x0000018c9c9091c0 JavaThread "pool-13-thread-1" [_thread_blocked, id=11812, stack(0x0000005e54100000,0x0000005e54200000)]
  0x0000018c9c6b6270 JavaThread "LanguageServerApp-lifecycle" [_thread_blocked, id=19032, stack(0x0000005e54200000,0x0000005e54300000)]
  0x0000018c8c04abb0 JavaThread "DestroyJavaVM" [_thread_blocked, id=14380, stack(0x0000005e52300000,0x0000005e52400000)]
  0x0000018c9b93a030 JavaThread "pool-14-thread-1" [_thread_in_native, id=9048, stack(0x0000005e54300000,0x0000005e54400000)]
  0x0000018c9cb23330 JavaThread "Simple-Language-Server main thread" daemon [_thread_blocked, id=12112, stack(0x0000005e54400000,0x0000005e54500000)]
  0x0000018c9cb1f880 JavaThread "parallel-1" daemon [_thread_blocked, id=17496, stack(0x0000005e54700000,0x0000005e54800000)]
  0x0000018c9cb202a0 JavaThread "pool-6-thread-1" [_thread_blocked, id=20160, stack(0x0000005e54800000,0x0000005e54900000)]
  0x0000018c9cb207b0 JavaThread "parallel-2" daemon [_thread_blocked, id=24212, stack(0x0000005e54900000,0x0000005e54a00000)]
  0x0000018c9cb20cc0 JavaThread "pool-8-thread-1" [_thread_blocked, id=17856, stack(0x0000005e52100000,0x0000005e52200000)]
  0x0000018c9cb1fd90 JavaThread "parallel-3" daemon [_thread_blocked, id=22552, stack(0x0000005e52200000,0x0000005e52300000)]
  0x0000018c9cb22b20 JavaThread "Reconciler-1" daemon [_thread_blocked, id=11324, stack(0x0000005e54b00000,0x0000005e54c00000)]
  0x0000018c9d4432f0 JavaThread "CompletableFutureDelayScheduler" daemon [_thread_blocked, id=22644, stack(0x0000005e54d00000,0x0000005e54e00000)]
  0x0000018c9d443d10 JavaThread "pool-7-thread-1" [_thread_blocked, id=6516, stack(0x0000005e54e00000,0x0000005e54f00000)]
  0x0000018c9d43d2c0 JavaThread "pool-7-thread-2" [_thread_blocked, id=33332, stack(0x0000005e54f00000,0x0000005e55000000)]
  0x0000018c9d4419a0 JavaThread "RMI Scheduler(0)" daemon [_thread_blocked, id=9012, stack(0x0000005e55000000,0x0000005e55100000)]
  0x0000018c9d43dce0 JavaThread "RMI RenewClean-[localhost:64685]" daemon [_thread_blocked, id=25044, stack(0x0000005e55100000,0x0000005e55200000)]
  0x0000018c9d443800 JavaThread "RMI GC Daemon" daemon [_thread_blocked, id=30608, stack(0x0000005e55200000,0x0000005e55300000)]
  0x0000018c9d441eb0 JavaThread "JMX client heartbeat 2" daemon [_thread_blocked, id=11544, stack(0x0000005e55300000,0x0000005e55400000)]
  0x0000018c9d4428d0 JavaThread "pool-7-thread-3" [_thread_blocked, id=4204, stack(0x0000005e55400000,0x0000005e55500000)]
  0x0000018c9d440050 JavaThread "pool-7-thread-4" [_thread_blocked, id=11628, stack(0x0000005e55500000,0x0000005e55600000)]
  0x0000018c9d43e700 JavaThread "pool-7-thread-5" [_thread_blocked, id=10548, stack(0x0000005e55600000,0x0000005e55700000)]
  0x0000018c9d43e1f0 JavaThread "pool-7-thread-6" [_thread_blocked, id=10672, stack(0x0000005e55900000,0x0000005e55a00000)]

Other Threads:
=>0x0000018c96e70a30 VMThread "VM Thread" [stack: 0x0000005e52900000,0x0000005e52a00000] [id=36344]
  0x0000018c9b211ec0 WatcherThread [stack: 0x0000005e53500000,0x0000005e53600000] [id=35364]
  0x0000018c8c088f90 GCTaskThread "GC Thread#0" [stack: 0x0000005e52400000,0x0000005e52500000] [id=31624]
  0x0000018c9b531ee0 GCTaskThread "GC Thread#1" [stack: 0x0000005e53300000,0x0000005e53400000] [id=30520]
  0x0000018c9b5321a0 GCTaskThread "GC Thread#2" [stack: 0x0000005e53700000,0x0000005e53800000] [id=21976]
  0x0000018c9b1af620 GCTaskThread "GC Thread#3" [stack: 0x0000005e53800000,0x0000005e53900000] [id=6556]
  0x0000018c9bf69df0 GCTaskThread "GC Thread#4" [stack: 0x0000005e53900000,0x0000005e53a00000] [id=3288]
  0x0000018c9bf6a0b0 GCTaskThread "GC Thread#5" [stack: 0x0000005e53a00000,0x0000005e53b00000] [id=13424]
  0x0000018c9c309a20 GCTaskThread "GC Thread#6" [stack: 0x0000005e53e00000,0x0000005e53f00000] [id=28892]
  0x0000018c9c2f8470 GCTaskThread "GC Thread#7" [stack: 0x0000005e53f00000,0x0000005e54000000] [id=36152]
  0x0000018c8c092e00 ConcurrentGCThread "G1 Main Marker" [stack: 0x0000005e52500000,0x0000005e52600000] [id=38252]
  0x0000018c8c093730 ConcurrentGCThread "G1 Conc#0" [stack: 0x0000005e52600000,0x0000005e52700000] [id=1496]
  0x0000018c9c31d900 ConcurrentGCThread "G1 Conc#1" [stack: 0x0000005e54000000,0x0000005e54100000] [id=19220]
  0x0000018c96cf20b0 ConcurrentGCThread "G1 Refine#0" [stack: 0x0000005e52700000,0x0000005e52800000] [id=38772]
  0x0000018c96cf29f0 ConcurrentGCThread "G1 Service" [stack: 0x0000005e52800000,0x0000005e52900000] [id=29940]

Threads with active compile tasks:

VM state: at safepoint (normal execution)

VM Mutex/Monitor currently owned by a thread:  ([mutex/lock_event])
[0x0000018c89f2d550] Threads_lock - owner thread: 0x0000018c96e70a30
[0x0000018c8c047d60] Heap_lock - owner thread: 0x0000018c9c9091c0

Heap address: 0x00000000c0000000, size: 1024 MB, Compressed Oops mode: 32-bit

CDS archive(s) not mapped
Compressed class space mapped at: 0x0000000100000000-0x0000000140000000, reserved size: 1073741824
Narrow klass base: 0x0000000000000000, Narrow klass shift: 3, Narrow klass range: 0x140000000

GC Precious Log:
 CPUs: 8 total, 8 available
 Memory: 8083M
 Large Page Support: Disabled
 NUMA Support: Disabled
 Compressed Oops: Enabled (32-bit)
 Heap Region Size: 1M
 Heap Min Capacity: 8M
 Heap Initial Capacity: 128M
 Heap Max Capacity: 1G
 Pre-touch: Disabled
 Parallel Workers: 8
 Concurrent Workers: 2
 Concurrent Refinement Workers: 8
 Periodic GC: Disabled

Heap:
 garbage-first heap   total 75776K, used 34507K [0x00000000c0000000, 0x0000000100000000)
  region size 1024K, 1 young (1024K), 0 survivors (0K)
 Metaspace       used 61755K, committed 62592K, reserved 1114112K
  class space    used 7548K, committed 7872K, reserved 1048576K

Heap Regions: E=young(eden), S=young(survivor), O=old, HS=humongous(starts), HC=humongous(continues), CS=collection set, F=free, OA=open archive, CA=closed archive, TAMS=top-at-mark-start (previous, next)
|   0|0x00000000c0000000, 0x00000000c0100000, 0x00000000c0100000|100%|HS|  |TAMS 0x00000000c0100000, 0x00000000c0000000| Untracked 
|   1|0x00000000c0100000, 0x00000000c0200000, 0x00000000c0200000|100%|HC|  |TAMS 0x00000000c0200000, 0x00000000c0100000| Untracked 
|   2|0x00000000c0200000, 0x00000000c0300000, 0x00000000c0300000|100%|HC|  |TAMS 0x00000000c0300000, 0x00000000c0200000| Untracked 
|   3|0x00000000c0300000, 0x00000000c0400000, 0x00000000c0400000|100%|HC|  |TAMS 0x00000000c0400000, 0x00000000c0300000| Untracked 
|   4|0x00000000c0400000, 0x00000000c0500000, 0x00000000c0500000|100%|HS|  |TAMS 0x00000000c0500000, 0x00000000c0400000| Untracked 
|   5|0x00000000c0500000, 0x00000000c0600000, 0x00000000c0600000|100%|HC|  |TAMS 0x00000000c0600000, 0x00000000c0500000| Untracked 
|   6|0x00000000c0600000, 0x00000000c0700000, 0x00000000c0700000|100%| O|  |TAMS 0x00000000c0700000, 0x00000000c0600000| Untracked 
|   7|0x00000000c0700000, 0x00000000c07ffff0, 0x00000000c0800000| 99%| O|  |TAMS 0x00000000c07ffff0, 0x00000000c0700000| Untracked 
|   8|0x00000000c0800000, 0x00000000c0900000, 0x00000000c0900000|100%| O|  |TAMS 0x00000000c0900000, 0x00000000c0800000| Untracked 
|   9|0x00000000c0900000, 0x00000000c0a00000, 0x00000000c0a00000|100%| O|  |TAMS 0x00000000c0a00000, 0x00000000c0900000| Untracked 
|  10|0x00000000c0a00000, 0x00000000c0affff8, 0x00000000c0b00000| 99%| O|  |TAMS 0x00000000c0affff8, 0x00000000c0a00000| Untracked 
|  11|0x00000000c0b00000, 0x00000000c0bfffd0, 0x00000000c0c00000| 99%| O|  |TAMS 0x00000000c0bfffd0, 0x00000000c0b00000| Untracked 
|  12|0x00000000c0c00000, 0x00000000c0d00000, 0x00000000c0d00000|100%| O|  |TAMS 0x00000000c0d00000, 0x00000000c0c00000| Untracked 
|  13|0x00000000c0d00000, 0x00000000c0dfffd8, 0x00000000c0e00000| 99%| O|  |TAMS 0x00000000c0dfffd8, 0x00000000c0d00000| Untracked 
|  14|0x00000000c0e00000, 0x00000000c0f00000, 0x00000000c0f00000|100%| O|  |TAMS 0x00000000c0f00000, 0x00000000c0e00000| Untracked 
|  15|0x00000000c0f00000, 0x00000000c0fffff8, 0x00000000c1000000| 99%| O|  |TAMS 0x00000000c0fffff8, 0x00000000c0f00000| Untracked 
|  16|0x00000000c1000000, 0x00000000c10fffc8, 0x00000000c1100000| 99%| O|  |TAMS 0x00000000c10fffc8, 0x00000000c1000000| Untracked 
|  17|0x00000000c1100000, 0x00000000c1200000, 0x00000000c1200000|100%| O|  |TAMS 0x00000000c1200000, 0x00000000c1100000| Untracked 
|  18|0x00000000c1200000, 0x00000000c12ffff0, 0x00000000c1300000| 99%| O|  |TAMS 0x00000000c12ffff0, 0x00000000c1200000| Untracked 
|  19|0x00000000c1300000, 0x00000000c1400000, 0x00000000c1400000|100%| O|  |TAMS 0x00000000c1400000, 0x00000000c1300000| Untracked 
|  20|0x00000000c1400000, 0x00000000c14fffb8, 0x00000000c1500000| 99%| O|  |TAMS 0x00000000c14fffb8, 0x00000000c1400000| Untracked 
|  21|0x00000000c1500000, 0x00000000c15fffd0, 0x00000000c1600000| 99%| O|  |TAMS 0x00000000c15fffd0, 0x00000000c1500000| Untracked 
|  22|0x00000000c1600000, 0x00000000c16ffff8, 0x00000000c1700000| 99%| O|  |TAMS 0x00000000c16ffff8, 0x00000000c1600000| Untracked 
|  23|0x00000000c1700000, 0x00000000c17ffff0, 0x00000000c1800000| 99%| O|  |TAMS 0x00000000c17ffff0, 0x00000000c1700000| Untracked 
|  24|0x00000000c1800000, 0x00000000c1900000, 0x00000000c1900000|100%| O|  |TAMS 0x00000000c1900000, 0x00000000c1800000| Untracked 
|  25|0x00000000c1900000, 0x00000000c19fd560, 0x00000000c1a00000| 98%| O|  |TAMS 0x00000000c19fd560, 0x00000000c1900000| Untracked 
|  26|0x00000000c1a00000, 0x00000000c1affff0, 0x00000000c1b00000| 99%| O|  |TAMS 0x00000000c1affff0, 0x00000000c1a00000| Untracked 
|  27|0x00000000c1b00000, 0x00000000c1bffff8, 0x00000000c1c00000| 99%| O|  |TAMS 0x00000000c1bffff8, 0x00000000c1b00000| Untracked 
|  28|0x00000000c1c00000, 0x00000000c1cfff90, 0x00000000c1d00000| 99%| O|  |TAMS 0x00000000c1cfff90, 0x00000000c1c00000| Untracked 
|  29|0x00000000c1d00000, 0x00000000c1de2d40, 0x00000000c1e00000| 88%| O|  |TAMS 0x00000000c1d00000, 0x00000000c1d00000| Untracked 
|  30|0x00000000c1e00000, 0x00000000c1efffe8, 0x00000000c1f00000| 99%| O|  |TAMS 0x00000000c1efffe8, 0x00000000c1e00000| Untracked 
|  31|0x00000000c1f00000, 0x00000000c1fffbe0, 0x00000000c2000000| 99%| O|  |TAMS 0x00000000c1fffbe0, 0x00000000c1f00000| Untracked 
|  32|0x00000000c2000000, 0x00000000c20d3340, 0x00000000c2100000| 82%| O|  |TAMS 0x00000000c2000000, 0x00000000c2000000| Untracked 
|  33|0x00000000c2100000, 0x00000000c2100000, 0x00000000c2200000|  0%| F|  |TAMS 0x00000000c2100000, 0x00000000c2100000| Untracked 
|  34|0x00000000c2200000, 0x00000000c2200000, 0x00000000c2300000|  0%| F|  |TAMS 0x00000000c2200000, 0x00000000c2200000| Untracked 
|  35|0x00000000c2300000, 0x00000000c23ffe78, 0x00000000c2400000| 99%| O|  |TAMS 0x00000000c23ffe78, 0x00000000c2300000| Untracked 
|  36|0x00000000c2400000, 0x00000000c2400000, 0x00000000c2500000|  0%| F|  |TAMS 0x00000000c2400000, 0x00000000c2400000| Untracked 
|  37|0x00000000c2500000, 0x00000000c2500000, 0x00000000c2600000|  0%| F|  |TAMS 0x00000000c2500000, 0x00000000c2500000| Untracked 
|  38|0x00000000c2600000, 0x00000000c2600000, 0x00000000c2700000|  0%| F|  |TAMS 0x00000000c2600000, 0x00000000c2600000| Untracked 
|  39|0x00000000c2700000, 0x00000000c2700000, 0x00000000c2800000|  0%| F|  |TAMS 0x00000000c2700000, 0x00000000c2700000| Untracked 
|  40|0x00000000c2800000, 0x00000000c2800000, 0x00000000c2900000|  0%| F|  |TAMS 0x00000000c2800000, 0x00000000c2800000| Untracked 
|  41|0x00000000c2900000, 0x00000000c2900000, 0x00000000c2a00000|  0%| F|  |TAMS 0x00000000c2900000, 0x00000000c2900000| Untracked 
|  42|0x00000000c2a00000, 0x00000000c2a00000, 0x00000000c2b00000|  0%| F|  |TAMS 0x00000000c2a00000, 0x00000000c2a00000| Untracked 
|  43|0x00000000c2b00000, 0x00000000c2b00000, 0x00000000c2c00000|  0%| F|  |TAMS 0x00000000c2b00000, 0x00000000c2b00000| Untracked 
|  44|0x00000000c2c00000, 0x00000000c2c00000, 0x00000000c2d00000|  0%| F|  |TAMS 0x00000000c2c00000, 0x00000000c2c00000| Untracked 
|  45|0x00000000c2d00000, 0x00000000c2d00000, 0x00000000c2e00000|  0%| F|  |TAMS 0x00000000c2d00000, 0x00000000c2d00000| Untracked 
|  46|0x00000000c2e00000, 0x00000000c2e00000, 0x00000000c2f00000|  0%| F|  |TAMS 0x00000000c2e00000, 0x00000000c2e00000| Untracked 
|  47|0x00000000c2f00000, 0x00000000c2f00000, 0x00000000c3000000|  0%| F|  |TAMS 0x00000000c2f00000, 0x00000000c2f00000| Untracked 
|  48|0x00000000c3000000, 0x00000000c3000000, 0x00000000c3100000|  0%| F|  |TAMS 0x00000000c3000000, 0x00000000c3000000| Untracked 
|  49|0x00000000c3100000, 0x00000000c3100000, 0x00000000c3200000|  0%| F|  |TAMS 0x00000000c3100000, 0x00000000c3100000| Untracked 
|  50|0x00000000c3200000, 0x00000000c3200000, 0x00000000c3300000|  0%| F|  |TAMS 0x00000000c3200000, 0x00000000c3200000| Untracked 
|  51|0x00000000c3300000, 0x00000000c3300000, 0x00000000c3400000|  0%| F|  |TAMS 0x00000000c3300000, 0x00000000c3300000| Untracked 
|  52|0x00000000c3400000, 0x00000000c3400000, 0x00000000c3500000|  0%| F|  |TAMS 0x00000000c3400000, 0x00000000c3400000| Untracked 
|  53|0x00000000c3500000, 0x00000000c3500000, 0x00000000c3600000|  0%| F|  |TAMS 0x00000000c3500000, 0x00000000c3500000| Untracked 
|  54|0x00000000c3600000, 0x00000000c3600000, 0x00000000c3700000|  0%| F|  |TAMS 0x00000000c3600000, 0x00000000c3600000| Untracked 
|  55|0x00000000c3700000, 0x00000000c3700000, 0x00000000c3800000|  0%| F|  |TAMS 0x00000000c3700000, 0x00000000c3700000| Untracked 
|  56|0x00000000c3800000, 0x00000000c3800000, 0x00000000c3900000|  0%| F|  |TAMS 0x00000000c3800000, 0x00000000c3800000| Untracked 
|  57|0x00000000c3900000, 0x00000000c3900000, 0x00000000c3a00000|  0%| F|  |TAMS 0x00000000c3900000, 0x00000000c3900000| Untracked 
|  58|0x00000000c3a00000, 0x00000000c3a00000, 0x00000000c3b00000|  0%| F|  |TAMS 0x00000000c3a00000, 0x00000000c3a00000| Untracked 
|  59|0x00000000c3b00000, 0x00000000c3b00000, 0x00000000c3c00000|  0%| F|  |TAMS 0x00000000c3b00000, 0x00000000c3b00000| Untracked 
|  60|0x00000000c3c00000, 0x00000000c3c00000, 0x00000000c3d00000|  0%| F|  |TAMS 0x00000000c3c00000, 0x00000000c3c00000| Untracked 
|  61|0x00000000c3d00000, 0x00000000c3d00000, 0x00000000c3e00000|  0%| F|  |TAMS 0x00000000c3d00000, 0x00000000c3d00000| Untracked 
|  62|0x00000000c3e00000, 0x00000000c3e00000, 0x00000000c3f00000|  0%| F|  |TAMS 0x00000000c3e00000, 0x00000000c3e00000| Untracked 
|  63|0x00000000c3f00000, 0x00000000c3f00000, 0x00000000c4000000|  0%| F|  |TAMS 0x00000000c3f00000, 0x00000000c3f00000| Untracked 
|  64|0x00000000c4000000, 0x00000000c4000000, 0x00000000c4100000|  0%| F|  |TAMS 0x00000000c4000000, 0x00000000c4000000| Untracked 
|  65|0x00000000c4100000, 0x00000000c4100000, 0x00000000c4200000|  0%| F|  |TAMS 0x00000000c4100000, 0x00000000c4100000| Untracked 
|  66|0x00000000c4200000, 0x00000000c4200000, 0x00000000c4300000|  0%| F|  |TAMS 0x00000000c4200000, 0x00000000c4200000| Untracked 
|  67|0x00000000c4300000, 0x00000000c4300000, 0x00000000c4400000|  0%| F|  |TAMS 0x00000000c4300000, 0x00000000c4300000| Untracked 
|  87|0x00000000c5700000, 0x00000000c5700000, 0x00000000c5800000|  0%| F|  |TAMS 0x00000000c5700000, 0x00000000c5700000| Untracked 
|  88|0x00000000c5800000, 0x00000000c5800000, 0x00000000c5900000|  0%| F|  |TAMS 0x00000000c5800000, 0x00000000c5800000| Untracked 
|  89|0x00000000c5900000, 0x00000000c5900000, 0x00000000c5a00000|  0%| F|  |TAMS 0x00000000c5900000, 0x00000000c5900000| Untracked 
|  90|0x00000000c5a00000, 0x00000000c5a00000, 0x00000000c5b00000|  0%| F|  |TAMS 0x00000000c5a00000, 0x00000000c5a00000| Untracked 
|  91|0x00000000c5b00000, 0x00000000c5b00000, 0x00000000c5c00000|  0%| F|  |TAMS 0x00000000c5b00000, 0x00000000c5b00000| Untracked 
| 127|0x00000000c7f00000, 0x00000000c7f1a278, 0x00000000c8000000| 10%| E|  |TAMS 0x00000000c7f00000, 0x00000000c7f00000| Complete 

Card table byte_map: [0x0000018c91ff0000,0x0000018c921f0000] _byte_map_base: 0x0000018c919f0000

Marking Bits (Prev, Next): (CMBitMap*) 0x0000018c8c08a510, (CMBitMap*) 0x0000018c8c08a4d0
 Prev Bits: [0x0000018c933f0000, 0x0000018c943f0000)
 Next Bits: [0x0000018c923f0000, 0x0000018c933f0000)

Polling page: 0x0000018c8b800000

Metaspace:

Usage:
  Non-class:     52.94 MB used.
      Class:      7.37 MB used.
       Both:     60.31 MB used.

Virtual space:
  Non-class space:       64.00 MB reserved,      53.44 MB ( 83%) committed,  1 nodes.
      Class space:        1.00 GB reserved,       7.69 MB ( <1%) committed,  1 nodes.
             Both:        1.06 GB reserved,      61.12 MB (  6%) committed. 

Chunk freelists:
   Non-Class:  10.72 MB
       Class:  8.26 MB
        Both:  18.98 MB

MaxMetaspaceSize: unlimited
CompressedClassSpaceSize: 1.00 GB
Initial GC threshold: 21.00 MB
Current GC threshold: 101.88 MB
CDS: off
MetaspaceReclaimPolicy: balanced
 - commit_granule_bytes: 65536.
 - commit_granule_words: 8192.
 - virtual_space_node_default_size: 8388608.
 - enlarge_chunks_in_place: 1.
 - new_chunks_are_fully_committed: 0.
 - uncommit_free_chunks: 1.
 - use_allocation_guard: 0.
 - handle_deallocations: 1.


Internal statistics:

num_allocs_failed_limit: 6.
num_arena_births: 952.
num_arena_deaths: 476.
num_vsnodes_births: 2.
num_vsnodes_deaths: 0.
num_space_committed: 977.
num_space_uncommitted: 0.
num_chunks_returned_to_freelist: 588.
num_chunks_taken_from_freelist: 3025.
num_chunk_merges: 214.
num_chunk_splits: 1993.
num_chunks_enlarged: 1461.
num_inconsistent_stats: 0.

CodeCache: size=49152Kb used=10408Kb max_used=11259Kb free=38744Kb
 bounds [0x0000018c8ece0000, 0x0000018c8f7e0000, 0x0000018c91ce0000]
 total_blobs=6516 nmethods=5832 adapters=611
 compilation: enabled
              stopped_count=0, restarted_count=0
 full_count=0

Compilation events (20 events):
Event: 1873.359 Thread 0x0000018c9b008460 5822       1       java.math.BigDecimal::add (26 bytes)
Event: 1873.359 Thread 0x0000018c9b008460 nmethod 5822 0x0000018c8f69af90 code [0x0000018c8f69b120, 0x0000018c8f69b218]
Event: 1873.359 Thread 0x0000018c9b008460 5823       1       java.net.URI::<init> (23 bytes)
Event: 1873.359 Thread 0x0000018c9b008460 nmethod 5823 0x0000018c8f69aa90 code [0x0000018c8f69ac40, 0x0000018c8f69aea8]
Event: 2111.369 Thread 0x0000018c9b008460 5825       1       java.util.concurrent.ConcurrentLinkedDeque::first (65 bytes)
Event: 2111.371 Thread 0x0000018c9b008460 nmethod 5825 0x0000018c8f69a090 code [0x0000018c8f69a280, 0x0000018c8f69a778]
Event: 2135.474 Thread 0x0000018c9b008460 5826       1       java.util.stream.ReduceOps$3::getOpFlags (28 bytes)
Event: 2135.475 Thread 0x0000018c9b008460 nmethod 5826 0x0000018c8f699d10 code [0x0000018c8f699ec0, 0x0000018c8f699ff8]
Event: 2135.476 Thread 0x0000018c9b008460 5827       1       jdk.internal.reflect.ClassFileAssembler::<init> (8 bytes)
Event: 2135.476 Thread 0x0000018c9b008460 nmethod 5827 0x0000018c8f699810 code [0x0000018c8f6999a0, 0x0000018c8f699c38]
Event: 2135.476 Thread 0x0000018c9b008460 5828       1       jdk.internal.reflect.ClassFileAssembler::append (9 bytes)
Event: 2135.477 Thread 0x0000018c9b008460 nmethod 5828 0x0000018c8f699190 code [0x0000018c8f699340, 0x0000018c8f699598]
Event: 2135.479 Thread 0x0000018c9b008460 5829       1       sun.rmi.transport.StreamRemoteCall::done (5 bytes)
Event: 2135.480 Thread 0x0000018c9b008460 nmethod 5829 0x0000018c8f698e90 code [0x0000018c8f699020, 0x0000018c8f699108]
Event: 2168.127 Thread 0x0000018c9b008460 5830       1       java.lang.System::getProperty (26 bytes)
Event: 2168.128 Thread 0x0000018c9b008460 nmethod 5830 0x0000018c8f698610 code [0x0000018c8f698820, 0x0000018c8f698c08]
Event: 2240.421 Thread 0x0000018c9b008460 5831       1       java.io.BufferedInputStream::<init> (32 bytes)
Event: 2240.422 Thread 0x0000018c9b008460 nmethod 5831 0x0000018c8f698090 code [0x0000018c8f698240, 0x0000018c8f698508]
Event: 2281.686 Thread 0x0000018c9b008460 5833       1       java.io.BufferedInputStream::<init> (9 bytes)
Event: 2281.687 Thread 0x0000018c9b008460 nmethod 5833 0x0000018c8f697710 code [0x0000018c8f6978c0, 0x0000018c8f697ba8]

GC Heap History (20 events):
Event: 2240.723 GC heap after
{Heap after GC invocations=206 (full 192):
 garbage-first heap   total 75776K, used 34507K [0x00000000c0000000, 0x0000000100000000)
  region size 1024K, 0 young (0K), 0 survivors (0K)
 Metaspace       used 61755K, committed 62592K, reserved 1114112K
  class space    used 7548K, committed 7872K, reserved 1048576K
}
Event: 2250.970 GC heap before
{Heap before GC invocations=206 (full 192):
 garbage-first heap   total 75776K, used 34507K [0x00000000c0000000, 0x0000000100000000)
  region size 1024K, 1 young (1024K), 0 survivors (0K)
 Metaspace       used 61755K, committed 62592K, reserved 1114112K
  class space    used 7548K, committed 7872K, reserved 1048576K
}
Event: 2251.044 GC heap after
{Heap after GC invocations=207 (full 193):
 garbage-first heap   total 75776K, used 34507K [0x00000000c0000000, 0x0000000100000000)
  region size 1024K, 0 young (0K), 0 survivors (0K)
 Metaspace       used 61755K, committed 62592K, reserved 1114112K
  class space    used 7548K, committed 7872K, reserved 1048576K
}
Event: 2261.275 GC heap before
{Heap before GC invocations=207 (full 193):
 garbage-first heap   total 75776K, used 34507K [0x00000000c0000000, 0x0000000100000000)
  region size 1024K, 1 young (1024K), 0 survivors (0K)
 Metaspace       used 61755K, committed 62592K, reserved 1114112K
  class space    used 7548K, committed 7872K, reserved 1048576K
}
Event: 2261.344 GC heap after
{Heap after GC invocations=208 (full 194):
 garbage-first heap   total 75776K, used 34507K [0x00000000c0000000, 0x0000000100000000)
  region size 1024K, 0 young (0K), 0 survivors (0K)
 Metaspace       used 61755K, committed 62592K, reserved 1114112K
  class space    used 7548K, committed 7872K, reserved 1048576K
}
Event: 2271.594 GC heap before
{Heap before GC invocations=208 (full 194):
 garbage-first heap   total 75776K, used 34507K [0x00000000c0000000, 0x0000000100000000)
  region size 1024K, 1 young (1024K), 0 survivors (0K)
 Metaspace       used 61755K, committed 62592K, reserved 1114112K
  class space    used 7548K, committed 7872K, reserved 1048576K
}
Event: 2271.673 GC heap after
{Heap after GC invocations=209 (full 195):
 garbage-first heap   total 75776K, used 34507K [0x00000000c0000000, 0x0000000100000000)
  region size 1024K, 0 young (0K), 0 survivors (0K)
 Metaspace       used 61755K, committed 62592K, reserved 1114112K
  class space    used 7548K, committed 7872K, reserved 1048576K
}
Event: 2281.934 GC heap before
{Heap before GC invocations=209 (full 195):
 garbage-first heap   total 75776K, used 34507K [0x00000000c0000000, 0x0000000100000000)
  region size 1024K, 1 young (1024K), 0 survivors (0K)
 Metaspace       used 61755K, committed 62592K, reserved 1114112K
  class space    used 7548K, committed 7872K, reserved 1048576K
}
Event: 2282.010 GC heap after
{Heap after GC invocations=210 (full 196):
 garbage-first heap   total 75776K, used 34507K [0x00000000c0000000, 0x0000000100000000)
  region size 1024K, 0 young (0K), 0 survivors (0K)
 Metaspace       used 61755K, committed 62592K, reserved 1114112K
  class space    used 7548K, committed 7872K, reserved 1048576K
}
Event: 2292.324 GC heap before
{Heap before GC invocations=210 (full 196):
 garbage-first heap   total 75776K, used 34507K [0x00000000c0000000, 0x0000000100000000)
  region size 1024K, 1 young (1024K), 0 survivors (0K)
 Metaspace       used 61755K, committed 62592K, reserved 1114112K
  class space    used 7548K, committed 7872K, reserved 1048576K
}
Event: 2292.406 GC heap after
{Heap after GC invocations=211 (full 197):
 garbage-first heap   total 75776K, used 34507K [0x00000000c0000000, 0x0000000100000000)
  region size 1024K, 0 young (0K), 0 survivors (0K)
 Metaspace       used 61755K, committed 62592K, reserved 1114112K
  class space    used 7548K, committed 7872K, reserved 1048576K
}
Event: 2302.666 GC heap before
{Heap before GC invocations=211 (full 197):
 garbage-first heap   total 75776K, used 34507K [0x00000000c0000000, 0x0000000100000000)
  region size 1024K, 1 young (1024K), 0 survivors (0K)
 Metaspace       used 61755K, committed 62592K, reserved 1114112K
  class space    used 7548K, committed 7872K, reserved 1048576K
}
Event: 2302.750 GC heap after
{Heap after GC invocations=212 (full 198):
 garbage-first heap   total 75776K, used 34507K [0x00000000c0000000, 0x0000000100000000)
  region size 1024K, 0 young (0K), 0 survivors (0K)
 Metaspace       used 61755K, committed 62592K, reserved 1114112K
  class space    used 7548K, committed 7872K, reserved 1048576K
}
Event: 2313.079 GC heap before
{Heap before GC invocations=212 (full 198):
 garbage-first heap   total 75776K, used 34507K [0x00000000c0000000, 0x0000000100000000)
  region size 1024K, 1 young (1024K), 0 survivors (0K)
 Metaspace       used 61755K, committed 62592K, reserved 1114112K
  class space    used 7548K, committed 7872K, reserved 1048576K
}
Event: 2313.148 GC heap after
{Heap after GC invocations=213 (full 199):
 garbage-first heap   total 75776K, used 34507K [0x00000000c0000000, 0x0000000100000000)
  region size 1024K, 0 young (0K), 0 survivors (0K)
 Metaspace       used 61755K, committed 62592K, reserved 1114112K
  class space    used 7548K, committed 7872K, reserved 1048576K
}
Event: 2323.387 GC heap before
{Heap before GC invocations=213 (full 199):
 garbage-first heap   total 75776K, used 34507K [0x00000000c0000000, 0x0000000100000000)
  region size 1024K, 1 young (1024K), 0 survivors (0K)
 Metaspace       used 61755K, committed 62592K, reserved 1114112K
  class space    used 7548K, committed 7872K, reserved 1048576K
}
Event: 2323.467 GC heap after
{Heap after GC invocations=214 (full 200):
 garbage-first heap   total 75776K, used 34507K [0x00000000c0000000, 0x0000000100000000)
  region size 1024K, 0 young (0K), 0 survivors (0K)
 Metaspace       used 61755K, committed 62592K, reserved 1114112K
  class space    used 7548K, committed 7872K, reserved 1048576K
}
Event: 2333.761 GC heap before
{Heap before GC invocations=214 (full 200):
 garbage-first heap   total 75776K, used 34507K [0x00000000c0000000, 0x0000000100000000)
  region size 1024K, 1 young (1024K), 0 survivors (0K)
 Metaspace       used 61755K, committed 62592K, reserved 1114112K
  class space    used 7548K, committed 7872K, reserved 1048576K
}
Event: 2333.836 GC heap after
{Heap after GC invocations=215 (full 201):
 garbage-first heap   total 75776K, used 34507K [0x00000000c0000000, 0x0000000100000000)
  region size 1024K, 0 young (0K), 0 survivors (0K)
 Metaspace       used 61755K, committed 62592K, reserved 1114112K
  class space    used 7548K, committed 7872K, reserved 1048576K
}
Event: 2344.121 GC heap before
{Heap before GC invocations=215 (full 201):
 garbage-first heap   total 75776K, used 34507K [0x00000000c0000000, 0x0000000100000000)
  region size 1024K, 1 young (1024K), 0 survivors (0K)
 Metaspace       used 61755K, committed 62592K, reserved 1114112K
  class space    used 7548K, committed 7872K, reserved 1048576K
}

Dll operation events (11 events):
Event: 0.017 Loaded shared library c:\Users\hp\.vscode\extensions\redhat.java-1.34.0-win32-x64\jre\17.0.12-win32-x86_64\bin\java.dll
Event: 0.740 Loaded shared library C:\Users\hp\.vscode\extensions\redhat.java-1.34.0-win32-x64\jre\17.0.12-win32-x86_64\bin\net.dll
Event: 0.743 Loaded shared library C:\Users\hp\.vscode\extensions\redhat.java-1.34.0-win32-x64\jre\17.0.12-win32-x86_64\bin\nio.dll
Event: 1.780 Loaded shared library C:\Users\hp\.vscode\extensions\redhat.java-1.34.0-win32-x64\jre\17.0.12-win32-x86_64\bin\zip.dll
Event: 20.610 Loaded shared library C:\Users\hp\.vscode\extensions\redhat.java-1.34.0-win32-x64\jre\17.0.12-win32-x86_64\bin\jimage.dll
Event: 24.401 Loaded shared library c:\Users\hp\.vscode\extensions\redhat.java-1.34.0-win32-x64\jre\17.0.12-win32-x86_64\bin\verify.dll
Event: 31.759 Loaded shared library C:\Users\hp\.vscode\extensions\redhat.java-1.34.0-win32-x64\jre\17.0.12-win32-x86_64\bin\management.dll
Event: 31.819 Loaded shared library C:\Users\hp\.vscode\extensions\redhat.java-1.34.0-win32-x64\jre\17.0.12-win32-x86_64\bin\management_ext.dll
Event: 33.251 Loaded shared library C:\Users\hp\.vscode\extensions\redhat.java-1.34.0-win32-x64\jre\17.0.12-win32-x86_64\bin\sunmscapi.dll
Event: 33.634 Loaded shared library C:\Users\hp\.vscode\extensions\redhat.java-1.34.0-win32-x64\jre\17.0.12-win32-x86_64\bin\extnet.dll
Event: 1535.353 Loaded shared library C:\Users\hp\.vscode\extensions\redhat.java-1.34.0-win32-x64\jre\17.0.12-win32-x86_64\bin\rmi.dll

Deoptimization events (16 events):
Event: 32.512 Thread 0x0000018c9cb23330 DEOPT PACKING pc=0x0000018c8f2a7a01 sp=0x0000005e544fdd30
Event: 32.512 Thread 0x0000018c9cb23330 DEOPT UNPACKING pc=0x0000018c8ed37143 sp=0x0000005e544fd1c0 mode 3
Event: 32.512 Thread 0x0000018c9cb202a0 DEOPT PACKING pc=0x0000018c8f287917 sp=0x0000005e548ff3e0
Event: 32.512 Thread 0x0000018c9cb202a0 DEOPT UNPACKING pc=0x0000018c8ed37143 sp=0x0000005e548fe838 mode 3
Event: 33.341 Thread 0x0000018c9cb20cc0 DEOPT PACKING pc=0x0000018c8eedec8c sp=0x0000005e54afa870
Event: 33.341 Thread 0x0000018c9cb20cc0 DEOPT UNPACKING pc=0x0000018c8ed37143 sp=0x0000005e54af9d38 mode 0
Event: 1489.543 Thread 0x0000018c9b93a030 DEOPT PACKING pc=0x0000018c8f37d5d4 sp=0x0000005e543fec50
Event: 1489.543 Thread 0x0000018c9b93a030 DEOPT UNPACKING pc=0x0000018c8ed37143 sp=0x0000005e543fe0f8 mode 0
Event: 1492.979 Thread 0x0000018c9cb216e0 DEOPT PACKING pc=0x0000018c8f451ba4 sp=0x0000005e53bfea60
Event: 1492.979 Thread 0x0000018c9cb216e0 DEOPT UNPACKING pc=0x0000018c8ed37143 sp=0x0000005e53bfdf48 mode 0
Event: 1492.979 Thread 0x0000018c9cb216e0 DEOPT PACKING pc=0x0000018c8f451ba4 sp=0x0000005e53bff030
Event: 1492.979 Thread 0x0000018c9cb216e0 DEOPT UNPACKING pc=0x0000018c8ed37143 sp=0x0000005e53bfe518 mode 0
Event: 1493.043 Thread 0x0000018c9cb1f370 DEOPT PACKING pc=0x0000018c8f451ba4 sp=0x0000005e54aff200
Event: 1493.043 Thread 0x0000018c9cb1f370 DEOPT UNPACKING pc=0x0000018c8ed37143 sp=0x0000005e54afe6e8 mode 0
Event: 1493.044 Thread 0x0000018c9cb21bf0 DEOPT PACKING pc=0x0000018c8f451ba4 sp=0x0000005e53dfefe0
Event: 1493.044 Thread 0x0000018c9cb21bf0 DEOPT UNPACKING pc=0x0000018c8ed37143 sp=0x0000005e53dfe4c8 mode 0

Classes loaded (20 events):
Event: 1535.573 Loading class javax/management/remote/rmi/RMIConnector$2
Event: 1535.573 Loading class javax/management/remote/rmi/RMIConnector$2 done
Event: 1535.906 Loading class javax/management/remote/rmi/RMIConnector$3
Event: 1535.906 Loading class javax/management/remote/rmi/RMIConnector$3 done
Event: 1536.243 Loading class javax/management/ObjectName$Property
Event: 1536.244 Loading class javax/management/ObjectName$Property done
Event: 1536.244 Loading class com/sun/jmx/mbeanserver/Util
Event: 1536.245 Loading class com/sun/jmx/mbeanserver/Util done
Event: 1536.249 Loading class javax/management/MalformedObjectNameException
Event: 1536.249 Loading class javax/management/MalformedObjectNameException done
Event: 1536.285 Loading class java/lang/Throwable$PrintStreamOrWriter
Event: 1536.285 Loading class java/lang/Throwable$PrintStreamOrWriter done
Event: 1542.898 Loading class java/util/HashMap$UnsafeHolder
Event: 1542.898 Loading class java/util/HashMap$UnsafeHolder done
Event: 1545.033 Loading class jdk/internal/ValueBased
Event: 1545.033 Loading class jdk/internal/ValueBased done
Event: 1550.202 Loading class java/util/ArrayList$ListItr
Event: 1550.203 Loading class java/util/ArrayList$ListItr done
Event: 1582.268 Loading class sun/rmi/transport/DGCClient$EndpointEntry$CleanRequest
Event: 1582.268 Loading class sun/rmi/transport/DGCClient$EndpointEntry$CleanRequest done

Classes unloaded (20 events):
Event: 1592.576 Thread 0x0000018c96e70a30 Unloading class 0x00000001006fc400 'java/lang/invoke/LambdaForm$MH+0x00000001006fc400'
Event: 1592.576 Thread 0x0000018c96e70a30 Unloading class 0x00000001006fc000 'java/lang/invoke/LambdaForm$MH+0x00000001006fc000'
Event: 1592.576 Thread 0x0000018c96e70a30 Unloading class 0x0000000100096000 'java/lang/invoke/LambdaForm$MH+0x0000000100096000'
Event: 1592.576 Thread 0x0000018c96e70a30 Unloading class 0x00000001003b1c00 'java/lang/invoke/LambdaForm$MH+0x00000001003b1c00'
Event: 1592.576 Thread 0x0000018c96e70a30 Unloading class 0x00000001003b2c00 'java/lang/invoke/LambdaForm$MH+0x00000001003b2c00'
Event: 1592.576 Thread 0x0000018c96e70a30 Unloading class 0x00000001003bc800 'java/lang/invoke/LambdaForm$MH+0x00000001003bc800'
Event: 1592.576 Thread 0x0000018c96e70a30 Unloading class 0x0000000100550000 'java/lang/invoke/LambdaForm$MH+0x0000000100550000'
Event: 1592.576 Thread 0x0000018c96e70a30 Unloading class 0x0000000100565000 'java/lang/invoke/LambdaForm$MH+0x0000000100565000'
Event: 1592.576 Thread 0x0000018c96e70a30 Unloading class 0x000000010059a800 'java/lang/invoke/LambdaForm$MH+0x000000010059a800'
Event: 1592.576 Thread 0x0000018c96e70a30 Unloading class 0x000000010059b800 'java/lang/invoke/LambdaForm$MH+0x000000010059b800'
Event: 1592.576 Thread 0x0000018c96e70a30 Unloading class 0x0000000100632400 'java/lang/invoke/LambdaForm$MH+0x0000000100632400'
Event: 1634.205 Thread 0x0000018c96e70a30 Unloading class 0x000000010076fc00 'jdk/internal/reflect/GeneratedSerializationConstructorAccessor8'
Event: 1634.205 Thread 0x0000018c96e70a30 Unloading class 0x000000010076f400 'jdk/internal/reflect/GeneratedSerializationConstructorAccessor6'
Event: 1634.205 Thread 0x0000018c96e70a30 Unloading class 0x000000010076f000 'jdk/internal/reflect/GeneratedSerializationConstructorAccessor5'
Event: 1930.414 Thread 0x0000018c96e70a30 Unloading class 0x000000010076b000 'jdk/internal/reflect/GeneratedSerializationConstructorAccessor35'
Event: 1930.414 Thread 0x0000018c96e70a30 Unloading class 0x000000010076e800 'jdk/internal/reflect/GeneratedSerializationConstructorAccessor34'
Event: 1930.414 Thread 0x0000018c96e70a30 Unloading class 0x0000000100798c00 'jdk/internal/reflect/GeneratedSerializationConstructorAccessor33'
Event: 2178.765 Thread 0x0000018c96e70a30 Unloading class 0x0000000100798c00 'jdk/internal/reflect/GeneratedSerializationConstructorAccessor38'
Event: 2178.765 Thread 0x0000018c96e70a30 Unloading class 0x000000010076e800 'jdk/internal/reflect/GeneratedSerializationConstructorAccessor37'
Event: 2178.765 Thread 0x0000018c96e70a30 Unloading class 0x000000010076b000 'jdk/internal/reflect/GeneratedSerializationConstructorAccessor36'

Classes redefined (0 events):
No events

Internal exceptions (20 events):
Event: 1532.093 Thread 0x0000018c9d443d10 Exception <a 'java/net/SocketException'{0x00000000c58df730}: Socket is not connected: shutdown> (0x00000000c58df730) 
thrown [s\src\hotspot\share\prims\jni.cpp, line 535]
Event: 1535.172 Thread 0x0000018c9d443d10 Exception <a 'java/lang/NoSuchMethodError'{0x00000000c570a1d0}: 'void java.lang.invoke.DirectMethodHandle$Holder.invokeSpecial(java.lang.Object, java.lang.Object, java.lang.Object, int)'> (0x00000000c570a1d0) 
thrown [s\src\hotspot\share\interpreter\linkResolver.cpp, line 759]
Event: 1535.366 Thread 0x0000018c9d443d10 Exception <a 'java/lang/NoSuchMethodError'{0x00000000c578ed58}: static [Ljava/rmi/server/ObjID;.<clinit>()V> (0x00000000c578ed58) 
thrown [s\src\hotspot\share\prims\jni.cpp, line 1112]
Event: 1535.373 Thread 0x0000018c9d443d10 Exception <a 'java/lang/NoSuchMethodError'{0x00000000c57b8898}: static [B.<clinit>()V> (0x00000000c57b8898) 
thrown [s\src\hotspot\share\prims\jni.cpp, line 1112]
Event: 1535.392 Thread 0x0000018c9d43dce0 Exception <a 'java/lang/InterruptedException'{0x00000000c57c7cc8}> (0x00000000c57c7cc8) 
thrown [s\src\hotspot\share\runtime\objectMonitor.cpp, line 1658]
Event: 1535.393 Thread 0x0000018c9d43dce0 Exception <a 'java/lang/NoSuchMethodError'{0x00000000c57d0480}: 'java.lang.Object java.lang.invoke.DirectMethodHandle$Holder.newInvokeSpecial(java.lang.Object, java.lang.Object, int, java.lang.Object, long)'> (0x00000000c57d0480) 
thrown [s\src\hotspot\share\interpreter\linkResolver.cpp, line 759]
Event: 1535.476 Thread 0x0000018c9d443d10 Exception <a 'java/lang/NoSuchMethodError'{0x00000000c4317b10}: 'void java.lang.invoke.DirectMethodHandle$Holder.invokeSpecial(java.lang.Object, java.lang.Object, java.lang.Object, java.lang.Object, java.lang.Object, java.lang.Object, java.lang.Object, java.lang.Object, java.lang.Object)'> (0x00000000c4317b10) 
thrown [s\src\hotspot\share\interpreter\linkResolver.cpp, line 759]
Event: 1535.477 Thread 0x0000018c9d443d10 Exception <a 'java/lang/NoSuchMethodError'{0x00000000c43232a0}: 'java.lang.Object java.lang.invoke.DirectMethodHandle$Holder.newInvokeSpecial(java.lang.Object, java.lang.Object, java.lang.Object, java.lang.Object, java.lang.Object, java.lang.Object, java.lang.Object, java.lang.Object, java.lang.Object)'> (0x00000000c43232a0) 
thrown [s\src\hotspot\share\interpreter\linkResolver.cpp, line 759]
Event: 1535.478 Thread 0x0000018c9d443d10 Exception <a 'java/lang/NoSuchMethodError'{0x00000000c4327f98}: 'java.lang.Object java.lang.invoke.Invokers$Holder.linkToTargetMethod(java.lang.Object, java.lang.Object, java.lang.Object, java.lang.Object, java.lang.Object, java.lang.Object, java.lang.Object, java.lang.Object, java.lang.Object)'> (0x00000000c4327f98) 
thrown [s\src\hotspot\share\interpreter\linkResolver.cpp, line 759]
Event: 1535.482 Thread 0x0000018c9d443d10 Exception <a 'java/lang/NoSuchMethodError'{0x00000000c4347b28}: 'java.lang.Object java.lang.invoke.DirectMethodHandle$Holder.newInvokeSpecial(java.lang.Object, java.lang.Object, int, java.lang.Object, java.lang.Object, java.lang.Object, java.lang.Object)'> (0x00000000c4347b28) 
thrown [s\src\hotspot\share\interpreter\linkResolver.cpp, line 759]
Event: 1536.246 Thread 0x0000018c9d43d2c0 Exception <a 'java/lang/NoSuchMethodError'{0x00000000c42104a0}: static [Ljava/lang/String;.<clinit>()V> (0x00000000c42104a0) 
thrown [s\src\hotspot\share\prims\jni.cpp, line 1112]
Event: 1544.859 Thread 0x0000018c9cb20cc0 Exception <a 'java/lang/NoSuchMethodError'{0x00000000c3c004d0}: static [Ljava/lang/Object;.<clinit>()V> (0x00000000c3c004d0) 
thrown [s\src\hotspot\share\prims\jni.cpp, line 1112]
Event: 1762.288 Thread 0x0000018c9cb23330 Exception <a 'sun/nio/fs/WindowsException'{0x00000000c7ffe8b0}> (0x00000000c7ffe8b0) 
thrown [s\src\hotspot\share\prims\jni.cpp, line 516]
Event: 1762.288 Thread 0x0000018c9cb23330 Exception <a 'sun/nio/fs/WindowsException'{0x00000000c7ffef40}> (0x00000000c7ffef40) 
thrown [s\src\hotspot\share\prims\jni.cpp, line 516]
Event: 1835.470 Thread 0x0000018c9d43dce0 Exception <a 'java/lang/NoSuchMethodError'{0x00000000c7f10e70}: static [Ljava/rmi/server/ObjID;.<clinit>()V> (0x00000000c7f10e70) 
thrown [s\src\hotspot\share\prims\jni.cpp, line 1112]
Event: 1835.472 Thread 0x0000018c9d43dce0 Exception <a 'java/lang/NoSuchMethodError'{0x00000000c7f1c8a0}: static [B.<clinit>()V> (0x00000000c7f1c8a0) 
thrown [s\src\hotspot\share\prims\jni.cpp, line 1112]
Event: 1837.124 Thread 0x0000018c9cb23330 Exception <a 'sun/nio/fs/WindowsException'{0x00000000c7f4d070}> (0x00000000c7f4d070) 
thrown [s\src\hotspot\share\prims\jni.cpp, line 516]
Event: 1837.124 Thread 0x0000018c9cb23330 Exception <a 'sun/nio/fs/WindowsException'{0x00000000c7f4d6e0}> (0x00000000c7f4d6e0) 
thrown [s\src\hotspot\share\prims\jni.cpp, line 516]
Event: 2135.473 Thread 0x0000018c9d43dce0 Exception <a 'java/lang/NoSuchMethodError'{0x00000000c7f19310}: static [Ljava/rmi/server/ObjID;.<clinit>()V> (0x00000000c7f19310) 
thrown [s\src\hotspot\share\prims\jni.cpp, line 1112]
Event: 2135.475 Thread 0x0000018c9d43dce0 Exception <a 'java/lang/NoSuchMethodError'{0x00000000c7f24d40}: static [B.<clinit>()V> (0x00000000c7f24d40) 
thrown [s\src\hotspot\share\prims\jni.cpp, line 1112]

VM Operations (20 events):
Event: 2240.724 Executing VM operation: G1CollectFull done
Event: 2250.969 Executing VM operation: G1CollectFull
Event: 2251.044 Executing VM operation: G1CollectFull done
Event: 2261.275 Executing VM operation: G1CollectFull
Event: 2261.344 Executing VM operation: G1CollectFull done
Event: 2271.594 Executing VM operation: G1CollectFull
Event: 2271.673 Executing VM operation: G1CollectFull done
Event: 2281.934 Executing VM operation: G1CollectFull
Event: 2282.010 Executing VM operation: G1CollectFull done
Event: 2292.324 Executing VM operation: G1CollectFull
Event: 2292.406 Executing VM operation: G1CollectFull done
Event: 2302.666 Executing VM operation: G1CollectFull
Event: 2302.750 Executing VM operation: G1CollectFull done
Event: 2313.079 Executing VM operation: G1CollectFull
Event: 2313.148 Executing VM operation: G1CollectFull done
Event: 2323.387 Executing VM operation: G1CollectFull
Event: 2323.468 Executing VM operation: G1CollectFull done
Event: 2333.761 Executing VM operation: G1CollectFull
Event: 2333.836 Executing VM operation: G1CollectFull done
Event: 2344.121 Executing VM operation: G1CollectFull

Events (20 events):
Event: 1535.469 Thread 0x0000018c9d441eb0 Thread added: 0x0000018c9d441eb0
Event: 1535.481 Thread 0x0000018c9d4428d0 Thread added: 0x0000018c9d4428d0
Event: 1539.312 Thread 0x0000018c9d440050 Thread added: 0x0000018c9d440050
Event: 1542.520 Thread 0x0000018c9d43e700 Thread added: 0x0000018c9d43e700
Event: 1542.906 Thread 0x0000018c9d9eeac0 Thread added: 0x0000018c9d9eeac0
Event: 1544.331 Thread 0x0000018c9d9eeac0 Thread exited: 0x0000018c9d9eeac0
Event: 1544.335 Thread 0x0000018c9da9e200 Thread added: 0x0000018c9da9e200
Event: 1544.635 Thread 0x0000018c9da9dcb0 Thread added: 0x0000018c9da9dcb0
Event: 1544.750 Thread 0x0000018c9d43e1f0 Thread added: 0x0000018c9d43e1f0
Event: 1547.568 Thread 0x0000018c9da9e200 Thread exited: 0x0000018c9da9e200
Event: 1547.568 Thread 0x0000018c9da9dcb0 Thread exited: 0x0000018c9da9dcb0
Event: 1552.745 Thread 0x0000018c9cb22100 Thread exited: 0x0000018c9cb22100
Event: 1552.776 Thread 0x0000018c9d4423c0 Thread exited: 0x0000018c9d4423c0
Event: 1552.985 Thread 0x0000018c9cb216e0 Thread exited: 0x0000018c9cb216e0
Event: 1553.076 Thread 0x0000018c9cb1f370 Thread exited: 0x0000018c9cb1f370
Event: 1604.753 Thread 0x0000018c9cb211d0 Thread exited: 0x0000018c9cb211d0
Event: 1608.223 Thread 0x0000018c9cb21bf0 Thread exited: 0x0000018c9cb21bf0
Event: 1664.765 Thread 0x0000018c9cb22610 Thread exited: 0x0000018c9cb22610
Event: 1880.376 Thread 0x0000018c9d43f120 Thread added: 0x0000018c9d43f120
Event: 1940.387 Thread 0x0000018c9d43f120 Thread exited: 0x0000018c9d43f120


Dynamic libraries:
0x00007ff725230000 - 0x00007ff72523e000 	c:\Users\hp\.vscode\extensions\redhat.java-1.34.0-win32-x64\jre\17.0.12-win32-x86_64\bin\java.exe
0x00007ffbd7250000 - 0x00007ffbd7467000 	C:\WINDOWS\SYSTEM32\ntdll.dll
0x00007ffbd6600000 - 0x00007ffbd66c4000 	C:\WINDOWS\System32\KERNEL32.DLL
0x00007ffbd4bf0000 - 0x00007ffbd4f95000 	C:\WINDOWS\System32\KERNELBASE.dll
0x00007ffbd45c0000 - 0x00007ffbd46d1000 	C:\WINDOWS\System32\ucrtbase.dll
0x00007ffba8ca0000 - 0x00007ffba8cb7000 	c:\Users\hp\.vscode\extensions\redhat.java-1.34.0-win32-x64\jre\17.0.12-win32-x86_64\bin\jli.dll
0x00007ffbd5d30000 - 0x00007ffbd5ede000 	C:\WINDOWS\System32\USER32.dll
0x00007ffbd48f0000 - 0x00007ffbd4916000 	C:\WINDOWS\System32\win32u.dll
0x00007ffbd6520000 - 0x00007ffbd6549000 	C:\WINDOWS\System32\GDI32.dll
0x00007ffbd4ad0000 - 0x00007ffbd4be9000 	C:\WINDOWS\System32\gdi32full.dll
0x00007ffbd4850000 - 0x00007ffbd48ea000 	C:\WINDOWS\System32\msvcp_win.dll
0x00007ffba8140000 - 0x00007ffba815b000 	c:\Users\hp\.vscode\extensions\redhat.java-1.34.0-win32-x64\jre\17.0.12-win32-x86_64\bin\VCRUNTIME140.dll
0x00007ffbb7b40000 - 0x00007ffbb7dd3000 	C:\WINDOWS\WinSxS\amd64_microsoft.windows.common-controls_6595b64144ccf1df_6.0.22621.2506_none_270c5ae97388e100\COMCTL32.dll
0x00007ffbd6550000 - 0x00007ffbd65f7000 	C:\WINDOWS\System32\msvcrt.dll
0x00007ffbd5cf0000 - 0x00007ffbd5d21000 	C:\WINDOWS\System32\IMM32.DLL
0x00007ffbbd590000 - 0x00007ffbbd59c000 	c:\Users\hp\.vscode\extensions\redhat.java-1.34.0-win32-x64\jre\17.0.12-win32-x86_64\bin\vcruntime140_1.dll
0x00007ffb68b10000 - 0x00007ffb68b9d000 	c:\Users\hp\.vscode\extensions\redhat.java-1.34.0-win32-x64\jre\17.0.12-win32-x86_64\bin\msvcp140.dll
0x00007ffb5df20000 - 0x00007ffb5eb8a000 	c:\Users\hp\.vscode\extensions\redhat.java-1.34.0-win32-x64\jre\17.0.12-win32-x86_64\bin\server\jvm.dll
0x00007ffbd60b0000 - 0x00007ffbd6161000 	C:\WINDOWS\System32\ADVAPI32.dll
0x00007ffbd4fa0000 - 0x00007ffbd5046000 	C:\WINDOWS\System32\sechost.dll
0x00007ffbd6730000 - 0x00007ffbd6847000 	C:\WINDOWS\System32\RPCRT4.dll
0x00007ffbd5050000 - 0x00007ffbd50c1000 	C:\WINDOWS\System32\WS2_32.dll
0x00007ffbd4490000 - 0x00007ffbd44dd000 	C:\WINDOWS\SYSTEM32\POWRPROF.dll
0x00007ffbca1e0000 - 0x00007ffbca214000 	C:\WINDOWS\SYSTEM32\WINMM.dll
0x00007ffbc87c0000 - 0x00007ffbc87ca000 	C:\WINDOWS\SYSTEM32\VERSION.dll
0x00007ffbd4470000 - 0x00007ffbd4483000 	C:\WINDOWS\SYSTEM32\UMPDC.dll
0x00007ffbd3560000 - 0x00007ffbd3578000 	C:\WINDOWS\SYSTEM32\kernel.appcore.dll
0x00007ffbbc670000 - 0x00007ffbbc67a000 	c:\Users\hp\.vscode\extensions\redhat.java-1.34.0-win32-x64\jre\17.0.12-win32-x86_64\bin\jimage.dll
0x00007ffbcebe0000 - 0x00007ffbcee13000 	C:\WINDOWS\SYSTEM32\DBGHELP.DLL
0x00007ffbd5950000 - 0x00007ffbd5cd9000 	C:\WINDOWS\System32\combase.dll
0x00007ffbd6ef0000 - 0x00007ffbd6fc7000 	C:\WINDOWS\System32\OLEAUT32.dll
0x00007ffbc8030000 - 0x00007ffbc8062000 	C:\WINDOWS\SYSTEM32\dbgcore.DLL
0x00007ffbd4a50000 - 0x00007ffbd4aca000 	C:\WINDOWS\System32\bcryptPrimitives.dll
0x00007ffb80eb0000 - 0x00007ffb80ed5000 	c:\Users\hp\.vscode\extensions\redhat.java-1.34.0-win32-x64\jre\17.0.12-win32-x86_64\bin\java.dll
0x00007ffbc07a0000 - 0x00007ffbc07b8000 	c:\Users\hp\.vscode\extensions\redhat.java-1.34.0-win32-x64\jre\17.0.12-win32-x86_64\bin\zip.dll
0x00007ffbd50d0000 - 0x00007ffbd5929000 	C:\WINDOWS\System32\SHELL32.dll
0x00007ffbd24e0000 - 0x00007ffbd2dd4000 	C:\WINDOWS\SYSTEM32\windows.storage.dll
0x00007ffbd23a0000 - 0x00007ffbd24de000 	C:\WINDOWS\SYSTEM32\wintypes.dll
0x00007ffbd5f40000 - 0x00007ffbd6033000 	C:\WINDOWS\System32\SHCORE.dll
0x00007ffbd5ee0000 - 0x00007ffbd5f3e000 	C:\WINDOWS\System32\shlwapi.dll
0x00007ffbd44f0000 - 0x00007ffbd4516000 	C:\WINDOWS\SYSTEM32\profapi.dll
0x00007ffbc0780000 - 0x00007ffbc0799000 	C:\Users\hp\.vscode\extensions\redhat.java-1.34.0-win32-x64\jre\17.0.12-win32-x86_64\bin\net.dll
0x00007ffbcbce0000 - 0x00007ffbcbe17000 	C:\WINDOWS\SYSTEM32\WINHTTP.dll
0x00007ffbd3a40000 - 0x00007ffbd3aa9000 	C:\WINDOWS\system32\mswsock.dll
0x00007ffbc0760000 - 0x00007ffbc0776000 	C:\Users\hp\.vscode\extensions\redhat.java-1.34.0-win32-x64\jre\17.0.12-win32-x86_64\bin\nio.dll
0x00007ffbce410000 - 0x00007ffbce420000 	c:\Users\hp\.vscode\extensions\redhat.java-1.34.0-win32-x64\jre\17.0.12-win32-x86_64\bin\verify.dll
0x00007ffbd3ca0000 - 0x00007ffbd3cbb000 	C:\WINDOWS\SYSTEM32\CRYPTSP.dll
0x00007ffbd3520000 - 0x00007ffbd3555000 	C:\WINDOWS\system32\rsaenh.dll
0x00007ffbd3b30000 - 0x00007ffbd3b5c000 	C:\WINDOWS\SYSTEM32\USERENV.dll
0x00007ffbd3e80000 - 0x00007ffbd3ea8000 	C:\WINDOWS\SYSTEM32\bcrypt.dll
0x00007ffbd3c90000 - 0x00007ffbd3c9c000 	C:\WINDOWS\SYSTEM32\CRYPTBASE.dll
0x00007ffbd3040000 - 0x00007ffbd306d000 	C:\WINDOWS\SYSTEM32\IPHLPAPI.DLL
0x00007ffbd6fd0000 - 0x00007ffbd6fd9000 	C:\WINDOWS\System32\NSI.dll
0x00007ffbcbab0000 - 0x00007ffbcbac9000 	C:\WINDOWS\SYSTEM32\dhcpcsvc6.DLL
0x00007ffbcba90000 - 0x00007ffbcbaaf000 	C:\WINDOWS\SYSTEM32\dhcpcsvc.DLL
0x00007ffbd30b0000 - 0x00007ffbd31a9000 	C:\WINDOWS\SYSTEM32\DNSAPI.dll
0x00007ffbc0750000 - 0x00007ffbc0759000 	C:\Users\hp\.vscode\extensions\redhat.java-1.34.0-win32-x64\jre\17.0.12-win32-x86_64\bin\management.dll
0x00007ffbc0730000 - 0x00007ffbc073b000 	C:\Users\hp\.vscode\extensions\redhat.java-1.34.0-win32-x64\jre\17.0.12-win32-x86_64\bin\management_ext.dll
0x00007ffbd7150000 - 0x00007ffbd7158000 	C:\WINDOWS\System32\PSAPI.DLL
0x00007ffbc0700000 - 0x00007ffbc070e000 	C:\Users\hp\.vscode\extensions\redhat.java-1.34.0-win32-x64\jre\17.0.12-win32-x86_64\bin\sunmscapi.dll
0x00007ffbd46e0000 - 0x00007ffbd4846000 	C:\WINDOWS\System32\CRYPT32.dll
0x00007ffbd3e50000 - 0x00007ffbd3e7d000 	C:\WINDOWS\SYSTEM32\ncrypt.dll
0x00007ffbd3e10000 - 0x00007ffbd3e47000 	C:\WINDOWS\SYSTEM32\NTASN1.dll
0x00007ffbc2340000 - 0x00007ffbc234a000 	C:\Windows\System32\rasadhlp.dll
0x00007ffbc8ae0000 - 0x00007ffbc8b63000 	C:\WINDOWS\System32\fwpuclnt.dll
0x00007ffbc06f0000 - 0x00007ffbc06f9000 	C:\Users\hp\.vscode\extensions\redhat.java-1.34.0-win32-x64\jre\17.0.12-win32-x86_64\bin\extnet.dll
0x00007ffbb8290000 - 0x00007ffbb82a7000 	C:\WINDOWS\system32\napinsp.dll
0x00007ffbb8270000 - 0x00007ffbb828b000 	C:\WINDOWS\system32\pnrpnsp.dll
0x00007ffbb8250000 - 0x00007ffbb8261000 	C:\WINDOWS\System32\winrnr.dll
0x00007ffbb8230000 - 0x00007ffbb8245000 	C:\WINDOWS\system32\wshbth.dll
0x00007ffbb8200000 - 0x00007ffbb8221000 	C:\WINDOWS\system32\nlansp_c.dll
0x00007ffbaf670000 - 0x00007ffbaf677000 	C:\Users\hp\.vscode\extensions\redhat.java-1.34.0-win32-x64\jre\17.0.12-win32-x86_64\bin\rmi.dll

dbghelp: loaded successfully - version: 4.0.5 - missing functions: none
symbol engine: initialized successfully - sym options: 0x614 - pdb path: .;c:\Users\hp\.vscode\extensions\redhat.java-1.34.0-win32-x64\jre\17.0.12-win32-x86_64\bin;C:\WINDOWS\SYSTEM32;C:\WINDOWS\WinSxS\amd64_microsoft.windows.common-controls_6595b64144ccf1df_6.0.22621.2506_none_270c5ae97388e100;c:\Users\hp\.vscode\extensions\redhat.java-1.34.0-win32-x64\jre\17.0.12-win32-x86_64\bin\server

VM Arguments:
jvm_args: -Xmx1024m -Dsts.lsp.client=vscode -Dsts.log.file=/dev/null -XX:TieredStopAtLevel=1 -Xlog:jni+resolve=off -Dspring.config.location=file:c:\Users\hp\.vscode\extensions\vmware.vscode-spring-boot-1.56.0\language-server\BOOT-INF\classes\application.properties 
java_command: org.springframework.ide.vscode.boot.app.BootLanguageServerBootApp
java_class_path (initial): c:\Users\hp\.vscode\extensions\vmware.vscode-spring-boot-1.56.0\language-server\BOOT-INF\classes;c:\Users\hp\.vscode\extensions\vmware.vscode-spring-boot-1.56.0\language-server\BOOT-INF\lib\annotations-24.1.0.jar;c:\Users\hp\.vscode\extensions\vmware.vscode-spring-boot-1.56.0\language-server\BOOT-INF\lib\antlr4-runtime-4.13.1.jar;c:\Users\hp\.vscode\extensions\vmware.vscode-spring-boot-1.56.0\language-server\BOOT-INF\lib\asm-9.7.jar;c:\Users\hp\.vscode\extensions\vmware.vscode-spring-boot-1.56.0\language-server\BOOT-INF\lib\asm-analysis-9.7.jar;c:\Users\hp\.vscode\extensions\vmware.vscode-spring-boot-1.56.0\language-server\BOOT-INF\lib\asm-tree-9.7.jar;c:\Users\hp\.vscode\extensions\vmware.vscode-spring-boot-1.56.0\language-server\BOOT-INF\lib\asm-util-9.7.jar;c:\Users\hp\.vscode\extensions\vmware.vscode-spring-boot-1.56.0\language-server\BOOT-INF\lib\caffeine-3.1.8.jar;c:\Users\hp\.vscode\extensions\vmware.vscode-spring-boot-1.56.0\language-server\BOOT-INF\lib\checker-qual-3.12.0.jar;c:\Users\hp\.vscode\extensions\vmware.vscode-spring-boot-1.56.0\language-server\BOOT-INF\lib\classgraph-4.8.149.jar;c:\Users\hp\.vscode\extensions\vmware.vscode-spring-boot-1.56.0\language-server\BOOT-INF\lib\commons-codec-1.16.1.jar;c:\Users\hp\.vscode\extensions\vmware.vscode-spring-boot-1.56.0\language-server\BOOT-INF\lib\commons-compress-1.26.2.jar;c:\Users\hp\.vscode\extensions\vmware.vscode-spring-boot-1.56.0\language-server\BOOT-INF\lib\commons-io-2.16.1.jar;c:\Users\hp\.vscode\extensions\vmware.vscode-spring-boot-1.56.0\language-server\BOOT-INF\lib\commons-java-1.56.0-SNAPSHOT.jar;c:\Users\hp\.vscode\extensions\vmware.vscode-spring-boot-1.56.0\language-server\BOOT-INF\lib\commons-lang3-3.14.0.jar;c:\Users\hp\.vscode\extensions\vmware.vscode-spring-boot-1.56.0\language-server\BOOT-INF\lib\commons-language-server-1.56.0-SNAPSHOT.jar;c:\Users\hp\.vscode\extensions\vmware.vscode-spring-boot-1.56.0\language-server\BOOT-INF\lib\commons-lsp-extensions-1.56
Launcher Type: SUN_STANDARD

[Global flags]
     intx CICompilerCount                          = 4                                         {product} {ergonomic}
     uint ConcGCThreads                            = 2                                         {product} {ergonomic}
     uint G1ConcRefinementThreads                  = 8                                         {product} {ergonomic}
   size_t G1HeapRegionSize                         = 1048576                                   {product} {ergonomic}
    uintx GCDrainStackTargetSize                   = 64                                        {product} {ergonomic}
   size_t InitialHeapSize                          = 134217728                                 {product} {ergonomic}
   size_t MarkStackSize                            = 4194304                                   {product} {ergonomic}
   size_t MaxHeapSize                              = 1073741824                                {product} {command line}
   size_t MaxNewSize                               = 643825664                                 {product} {ergonomic}
   size_t MinHeapDeltaBytes                        = 1048576                                   {product} {ergonomic}
   size_t MinHeapSize                              = 8388608                                   {product} {ergonomic}
    uintx NonProfiledCodeHeapSize                  = 0                                      {pd product} {ergonomic}
     bool ProfileInterpreter                       = false                                  {pd product} {command line}
    uintx ProfiledCodeHeapSize                     = 0                                      {pd product} {ergonomic}
   size_t SoftMaxHeapSize                          = 1073741824                             {manageable} {ergonomic}
     intx TieredStopAtLevel                        = 1                                         {product} {command line}
     bool UseCompressedClassPointers               = true                           {product lp64_product} {ergonomic}
     bool UseCompressedOops                        = true                           {product lp64_product} {ergonomic}
     bool UseG1GC                                  = true                                      {product} {ergonomic}
     bool UseLargePagesIndividualAllocation        = false                                  {pd product} {ergonomic}

Logging:
Log output configuration:
 #0: stdout all=warning,jni+resolve=off uptime,level,tags
 #1: stderr all=off uptime,level,tags

Environment Variables:
JAVA_HOME=C:\Program Files\Java\jdk-22\bin
PATH=C:\Program Files\Common Files\Oracle\Java\javapath;D:\python\Scripts\;D:\python\;C:\WINDOWS\system32;C:\WINDOWS;C:\WINDOWS\System32\Wbem;C:\WINDOWS\System32\WindowsPowerShell\v1.0\;C:\WINDOWS\System32\OpenSSH\;C:\xampp\php;C:\composer;C:\Program Files\Git\cmd;D:\Nodejs\;C:\Program Files\Java\jdk-22\bin;C:\Program Files\MySQL\MySQL Shell 8.0\bin\;C:\Users\hp\AppData\Local\Microsoft\WindowsApps;C:\Users\hp\AppData\Local\Programs\Microsoft VS Code\bin;C:\Users\hp\AppData\Roaming\Composer\vendor\bin;C:\Program Files\MongoDB\Server\6.0\bin;C:\Users\hp\Downloads\mongosh-1.10.0-win32-x64\mongosh-1.10.0-win32-x64\bin;D:\pycharm\PyCharm Community Edition 2023.2\bin;;C:\MinGW\bin;C:\Users\hp\ffmpeg-6.1;C:\Users\hp\AppData\Roaming\npm
USERNAME=hp
OS=Windows_NT
PROCESSOR_IDENTIFIER=Intel64 Family 6 Model 142 Stepping 10, GenuineIntel
TMP=C:\Users\hp\AppData\Local\Temp
TEMP=C:\Users\hp\AppData\Local\Temp



Periodic native trim disabled


---------------  S Y S T E M  ---------------

OS:
 Windows 11 , 64 bit Build 22621 (10.0.22621.2506)
OS uptime: 9 days 22:45 hours

CPU: total 8 (initial active 8) (4 cores per cpu, 2 threads per core) family 6 model 142 stepping 10 microcode 0xf4, cx8, cmov, fxsr, ht, mmx, 3dnowpref, sse, sse2, sse3, ssse3, sse4.1, sse4.2, popcnt, lzcnt, tsc, tscinvbit, avx, avx2, aes, erms, clmul, bmi1, bmi2, adx, fma, vzeroupper, clflush, clflushopt
Processor Information for processor 0
  Max Mhz: 1800, Current Mhz: 1600, Mhz Limit: 1584
Processor Information for processor 1
  Max Mhz: 1800, Current Mhz: 1500, Mhz Limit: 1584
Processor Information for processor 2
  Max Mhz: 1800, Current Mhz: 1500, Mhz Limit: 1584
Processor Information for processor 3
  Max Mhz: 1800, Current Mhz: 1600, Mhz Limit: 1584
Processor Information for processor 4
  Max Mhz: 1800, Current Mhz: 1500, Mhz Limit: 1584
Processor Information for processor 5
  Max Mhz: 1800, Current Mhz: 1500, Mhz Limit: 1584
Processor Information for processor 6
  Max Mhz: 1800, Current Mhz: 1500, Mhz Limit: 1584
Processor Information for processor 7
  Max Mhz: 1800, Current Mhz: 1500, Mhz Limit: 1584

Memory: 4k page, system-wide physical 8083M (581M free)
TotalPageFile size 24567M (AvailPageFile size 10M)
current process WorkingSet (physical memory assigned to process): 176M, peak: 211M
current process commit charge ("private bytes"): 248M, peak: 259M

vm_info: OpenJDK 64-Bit Server VM (17.0.12+7) for windows-amd64 JRE (17.0.12+7), built on Jul 16 2024 22:08:24 by "admin" with MS VC++ 16.10 / 16.11 (VS2019)

END.
